2023-07-11 12:07:42.731 [main] INFO  org.prongpa.Main - 01-06-2023 - Iniciando Servicio version 1.0.0
2023-07-11 12:07:42.734 [main] INFO  org.prongpa.Main - 04-07-2023 - Agregar logica al finalizar tasks CALLBACK 1.1.0
2023-07-11 12:07:42.734 [main] INFO  org.prongpa.Models.ConfigReader - Cargando Configuracion
2023-07-11 12:07:42.736 [main] INFO  o.p.Service.ThreadManagerService - Iniciando y cargando configuracion de Hilo padre
2023-07-11 12:07:43.357 [main] WARN  o.hibernate.orm.connections.pooling - HHH10001002: Using Hibernate built-in connection pool (not for production use!)
2023-07-11 12:07:44.188 [Thread-1] INFO  o.p.Service.ThreadManagerService - Buscando tareas activas
2023-07-11 12:07:44.361 [Thread-1] WARN  o.hibernate.orm.connections.pooling - HHH10001002: Using Hibernate built-in connection pool (not for production use!)
2023-07-11 12:07:53.106 [Thread-1] INFO  o.p.Service.ThreadManagerService - Esperando el intervalo de tiempo especificado para que se vuelvan a consultar las tareas, TIEMPO: 300000 minutos
2023-07-11 12:07:53.107 [Thread-3] INFO  o.prongpa.Service.TaskExecuteService - Ejecutando Hilo para process_id: 12
2023-07-11 12:07:56.772 [Thread-3] INFO  o.prongpa.Service.TaskExecuteService - actualizando equipo en intento:1
2023-07-11 12:08:57.024 [Thread-3] ERROR o.prongpa.Service.TaskExecuteService - Error al realizar la solicitud HTTP: HTTP connect timed out
2023-07-11 12:09:14.499 [Thread-3] ERROR o.prongpa.Service.TaskExecuteService - Error en la funcion Update, MENSAJE: Cannot invoke "java.net.http.HttpResponse.body()" because "response" is null
2023-07-11 12:09:42.077 [Thread-3] INFO  o.prongpa.Service.TaskExecuteService - se procede a mover hacia historico, processId: 12
2023-07-11 12:10:45.287 [Thread-3] INFO  o.prongpa.Service.TaskExecuteService - Proceso Terminado, process_id: 12
2023-07-11 12:10:45.855 [Thread-3] INFO  o.prongpa.Service.TaskExecuteService - se procede a mover hacia historico, processId: 12
2023-07-11 12:28:30.017 [main] INFO  org.prongpa.Main - 01-06-2023 - Iniciando Servicio version 1.0.0
2023-07-11 12:28:30.019 [main] INFO  org.prongpa.Main - 04-07-2023 - Agregar logica al finalizar tasks CALLBACK 1.1.0
2023-07-11 12:28:30.019 [main] INFO  org.prongpa.Models.ConfigReader - Cargando Configuracion
2023-07-11 12:28:30.021 [main] INFO  o.p.Service.ThreadManagerService - Iniciando y cargando configuracion de Hilo padre
2023-07-11 12:28:30.669 [main] WARN  o.hibernate.orm.connections.pooling - HHH10001002: Using Hibernate built-in connection pool (not for production use!)
2023-07-11 12:28:31.475 [Thread-1] INFO  o.p.Service.ThreadManagerService - Buscando tareas activas
2023-07-11 12:28:31.620 [Thread-1] WARN  o.hibernate.orm.connections.pooling - HHH10001002: Using Hibernate built-in connection pool (not for production use!)
2023-07-11 12:28:34.317 [Thread-1] INFO  o.p.Service.ThreadManagerService - Esperando el intervalo de tiempo especificado para que se vuelvan a consultar las tareas, TIEMPO: 300000 minutos
2023-07-11 12:28:34.714 [Thread-3] INFO  o.prongpa.Service.TaskExecuteService - Ejecutando Hilo para process_id: 12
2023-07-11 12:28:40.346 [Thread-3] INFO  o.prongpa.Service.TaskExecuteService - actualizando equipo en intento:1
2023-07-11 12:29:03.372 [Thread-3] ERROR o.prongpa.Service.TaskExecuteService - Error al realizar la solicitud HTTP: HTTP connect timed out
2023-07-11 12:29:03.373 [Thread-3] ERROR o.prongpa.Service.TaskExecuteService - Error en la funcion Update, MENSAJE: Cannot invoke "java.net.http.HttpResponse.body()" because "response" is null
2023-07-11 12:29:18.945 [Thread-3] INFO  o.prongpa.Service.TaskExecuteService - se procede a mover hacia historico, processId: 12
2023-07-11 12:33:34.714 [Thread-1] INFO  o.p.Service.ThreadManagerService - Buscando tareas activas
2023-07-11 12:33:34.729 [Thread-1] INFO  o.p.Service.ThreadManagerService - sin tareas activas
2023-07-11 12:38:40.204 [main] INFO  org.prongpa.Main - 01-06-2023 - Iniciando Servicio version 1.0.0
2023-07-11 12:38:40.205 [main] INFO  org.prongpa.Main - 04-07-2023 - Agregar logica al finalizar tasks CALLBACK 1.1.0
2023-07-11 12:38:40.205 [main] INFO  org.prongpa.Models.ConfigReader - Cargando Configuracion
2023-07-11 12:38:40.207 [main] INFO  o.p.Service.ThreadManagerService - Iniciando y cargando configuracion de Hilo padre
2023-07-11 12:38:41.389 [Thread-1] INFO  o.p.Service.ThreadManagerService - Buscando tareas activas
2023-07-11 12:38:41.600 [Thread-3] INFO  o.prongpa.Service.TaskExecuteService - Ejecutando Hilo para process_id: 12
2023-07-11 12:38:41.602 [Thread-1] INFO  o.p.Service.ThreadManagerService - Esperando el intervalo de tiempo especificado para que se vuelvan a consultar las tareas, TIEMPO: 5 minutos
2023-07-11 12:38:41.640 [Thread-3] INFO  o.prongpa.Service.TaskExecuteService - actualizando equipo en intento:1
2023-07-11 12:38:51.808 [Thread-3] ERROR o.prongpa.Service.TaskExecuteService - Error al realizar la solicitud HTTP: HTTP connect timed out
2023-07-11 12:38:51.809 [Thread-3] ERROR o.prongpa.Service.TaskExecuteService - Error en la funcion Update, MENSAJE: Cannot invoke "java.net.http.HttpResponse.body()" because "response" is null
2023-07-11 12:38:51.809 [Thread-3] INFO  o.prongpa.Service.TaskExecuteService - se procede a mover hacia historico, processId: 12
2023-07-11 12:42:07.984 [main] INFO  org.prongpa.Main - 01-06-2023 - Iniciando Servicio version 1.0.0
2023-07-11 12:42:07.987 [main] INFO  org.prongpa.Main - 04-07-2023 - Agregar logica al finalizar tasks CALLBACK 1.1.0
2023-07-11 12:42:07.987 [main] INFO  org.prongpa.Models.ConfigReader - Cargando Configuracion
2023-07-11 12:42:07.991 [main] INFO  o.p.Service.ThreadManagerService - Iniciando y cargando configuracion de Hilo padre
2023-07-11 12:42:09.233 [Thread-1] INFO  o.p.Service.ThreadManagerService - Buscando tareas activas
2023-07-11 12:42:09.457 [Thread-3] INFO  o.prongpa.Service.TaskExecuteService - Ejecutando Hilo para process_id: 12
2023-07-11 12:42:09.458 [Thread-1] INFO  o.p.Service.ThreadManagerService - Esperando el intervalo de tiempo especificado para que se vuelvan a consultar las tareas, TIEMPO: 5 minutos
2023-07-11 12:42:09.486 [Thread-3] INFO  o.prongpa.Service.TaskExecuteService - actualizando equipo en intento:1
2023-07-11 12:42:19.649 [Thread-3] ERROR o.prongpa.Service.TaskExecuteService - Error al realizar la solicitud HTTP: HTTP connect timed out
2023-07-11 12:42:19.650 [Thread-3] ERROR o.prongpa.Service.TaskExecuteService - Error en la funcion Update, MENSAJE: Cannot invoke "java.net.http.HttpResponse.body()" because "response" is null
2023-07-11 12:42:19.650 [Thread-3] INFO  o.prongpa.Service.TaskExecuteService - se procede a mover hacia historico, processId: 12
2023-07-11 12:42:19.680 [Thread-3] INFO  o.prongpa.Service.TaskExecuteService - Proceso Terminado, process_id: 12
2023-07-11 12:47:09.462 [Thread-1] INFO  o.p.Service.ThreadManagerService - Buscando tareas activas
2023-07-11 12:47:09.472 [Thread-1] INFO  o.p.Service.ThreadManagerService - sin tareas activas
2023-07-11 12:47:09.473 [Thread-1] INFO  o.p.Service.ThreadManagerService - Esperando el intervalo de tiempo especificado para que se vuelvan a consultar las tareas, TIEMPO: 5 minutos
2023-07-11 12:52:09.479 [Thread-1] INFO  o.p.Service.ThreadManagerService - Buscando tareas activas
2023-07-11 12:52:09.490 [Thread-1] INFO  o.p.Service.ThreadManagerService - sin tareas activas
2023-07-11 12:52:09.490 [Thread-1] INFO  o.p.Service.ThreadManagerService - Esperando el intervalo de tiempo especificado para que se vuelvan a consultar las tareas, TIEMPO: 5 minutos
2023-07-11 12:57:09.502 [Thread-1] INFO  o.p.Service.ThreadManagerService - Buscando tareas activas
2023-07-11 12:57:09.513 [Thread-1] INFO  o.p.Service.ThreadManagerService - sin tareas activas
2023-07-11 12:57:09.513 [Thread-1] INFO  o.p.Service.ThreadManagerService - Esperando el intervalo de tiempo especificado para que se vuelvan a consultar las tareas, TIEMPO: 5 minutos
2023-07-11 13:02:09.515 [Thread-1] INFO  o.p.Service.ThreadManagerService - Buscando tareas activas
2023-07-11 13:02:09.521 [Thread-1] INFO  o.p.Service.ThreadManagerService - sin tareas activas
2023-07-11 13:02:09.521 [Thread-1] INFO  o.p.Service.ThreadManagerService - Esperando el intervalo de tiempo especificado para que se vuelvan a consultar las tareas, TIEMPO: 5 minutos
2023-07-11 13:07:09.523 [Thread-1] INFO  o.p.Service.ThreadManagerService - Buscando tareas activas
2023-07-11 13:07:09.532 [Thread-1] INFO  o.p.Service.ThreadManagerService - sin tareas activas
2023-07-11 13:07:09.532 [Thread-1] INFO  o.p.Service.ThreadManagerService - Esperando el intervalo de tiempo especificado para que se vuelvan a consultar las tareas, TIEMPO: 5 minutos
